Start testing: Jul 10 06:38 UTC
----------------------------------------------------------
1/16 Testing: BFS
1/16 Test: BFS
Command: "/workspaces/algokit-graph/build-asan/test_bfs"
Directory: /workspaces/algokit-graph/build-asan
"BFS" start time: Jul 10 06:38 UTC
Output:
----------------------------------------------------------
=====================================
AlgoKit BFS Tests
=====================================

[RUN ] Simple Directed Graph
[PASS] Simple Directed Graph

[RUN ] Disconnected Graph
[PASS] Disconnected Graph

[RUN ] Single Vertex
[PASS] Single Vertex

[RUN ] Invalid Source
[PASS] Invalid Source


=====================================
All tests passed!
=====================================
<end of output>
Test time =   0.01 sec
----------------------------------------------------------
Test Passed.
"BFS" end time: Jul 10 06:38 UTC
"BFS" time elapsed: 00:00:00
----------------------------------------------------------

2/16 Testing: DFS
2/16 Test: DFS
Command: "/workspaces/algokit-graph/build-asan/test_dfs"
Directory: /workspaces/algokit-graph/build-asan
"DFS" start time: Jul 10 06:38 UTC
Output:
----------------------------------------------------------
=====================================
AlgoKit DFS Tests
=====================================

[RUN ] Simple Directed Graph
[PASS] Simple Directed Graph

[RUN ] Disconnected Graph
[PASS] Disconnected Graph

[RUN ] Single Vertex
[PASS] Single Vertex

[RUN ] Invalid Source
[PASS] Invalid Source


=====================================
All tests passed!
=====================================
<end of output>
Test time =   0.02 sec
----------------------------------------------------------
Test Passed.
"DFS" end time: Jul 10 06:38 UTC
"DFS" time elapsed: 00:00:00
----------------------------------------------------------

3/16 Testing: ConnectedComponents
3/16 Test: ConnectedComponents
Command: "/workspaces/algokit-graph/build-asan/test_connected_components"
Directory: /workspaces/algokit-graph/build-asan
"ConnectedComponents" start time: Jul 10 06:38 UTC
Output:
----------------------------------------------------------
=====================================
AlgoKit Connected Components Tests
=====================================

[RUN ] Simple Graph
[PASS] Simple Graph

[RUN ] Connected Graph
[PASS] Connected Graph

[RUN ] Single Vertex
[PASS] Single Vertex

[RUN ] Empty Graph
[PASS] Empty Graph

[RUN ] Directed Graph
[PASS] Directed Graph


=====================================
All tests passed!
=====================================
<end of output>
Test time =   0.02 sec
----------------------------------------------------------
Test Passed.
"ConnectedComponents" end time: Jul 10 06:38 UTC
"ConnectedComponents" time elapsed: 00:00:00
----------------------------------------------------------

4/16 Testing: CycleDetection
4/16 Test: CycleDetection
Command: "/workspaces/algokit-graph/build-asan/test_cycle_detection"
Directory: /workspaces/algokit-graph/build-asan
"CycleDetection" start time: Jul 10 06:38 UTC
Output:
----------------------------------------------------------
=====================================
AlgoKit Cycle Detection Tests
=====================================

[RUN ] Simple Cycle
[PASS] Simple Cycle

[RUN ] Tree
[PASS] Tree

[RUN ] Disconnected Graph
[PASS] Disconnected Graph

[RUN ] Single Vertex
[PASS] Single Vertex

[RUN ] Empty Graph
[PASS] Empty Graph

[RUN ] Directed Graph
[PASS] Directed Graph


=====================================
All tests passed!
=====================================
<end of output>
Test time =   0.02 sec
----------------------------------------------------------
Test Passed.
"CycleDetection" end time: Jul 10 06:38 UTC
"CycleDetection" time elapsed: 00:00:00
----------------------------------------------------------

5/16 Testing: DirectedCycleDetection
5/16 Test: DirectedCycleDetection
Command: "/workspaces/algokit-graph/build-asan/test_directed_cycle_detection"
Directory: /workspaces/algokit-graph/build-asan
"DirectedCycleDetection" start time: Jul 10 06:38 UTC
Output:
----------------------------------------------------------
=====================================
AlgoKit Directed Cycle Detection Tests
=====================================

[RUN ] Simple Directed Cycle
[PASS] Simple Directed Cycle

[RUN ] Directed Acyclic Graph
[PASS] Directed Acyclic Graph

[RUN ] Disconnected Graph
[PASS] Disconnected Graph

[RUN ] Single Vertex
[PASS] Single Vertex

[RUN ] Empty Graph
[PASS] Empty Graph

[RUN ] Undirected Graph
[PASS] Undirected Graph


=====================================
All tests passed!
=====================================
<end of output>
Test time =   0.02 sec
----------------------------------------------------------
Test Passed.
"DirectedCycleDetection" end time: Jul 10 06:38 UTC
"DirectedCycleDetection" time elapsed: 00:00:00
----------------------------------------------------------

6/16 Testing: TopologicalSort
6/16 Test: TopologicalSort
Command: "/workspaces/algokit-graph/build-asan/test_topological_sort"
Directory: /workspaces/algokit-graph/build-asan
"TopologicalSort" start time: Jul 10 06:38 UTC
Output:
----------------------------------------------------------
=====================================
AlgoKit Topological Sort Tests
=====================================

[RUN ] Simple DAG
[PASS] Simple DAG

[RUN ] Linear Graph
[PASS] Linear Graph

[RUN ] Empty Graph
[PASS] Empty Graph

[RUN ] Single Vertex
[PASS] Single Vertex

[RUN ] Cyclic Graph
[PASS] Cyclic Graph

[RUN ] Undirected Graph
[PASS] Undirected Graph


=====================================
All tests passed!
=====================================
<end of output>
Test time =   0.02 sec
----------------------------------------------------------
Test Passed.
"TopologicalSort" end time: Jul 10 06:38 UTC
"TopologicalSort" time elapsed: 00:00:00
----------------------------------------------------------

7/16 Testing: KahnTopologicalSort
7/16 Test: KahnTopologicalSort
Command: "/workspaces/algokit-graph/build-asan/test_kahn_topological_sort"
Directory: /workspaces/algokit-graph/build-asan
"KahnTopologicalSort" start time: Jul 10 06:38 UTC
Output:
----------------------------------------------------------
=====================================
AlgoKit Kahn Topological Sort Tests
=====================================

[RUN ] Simple DAG
[PASS] Simple DAG

[RUN ] Linear Graph
[PASS] Linear Graph

[RUN ] Empty Graph
[PASS] Empty Graph

[RUN ] Single Vertex
[PASS] Single Vertex

[RUN ] Cyclic Graph
[PASS] Cyclic Graph

[RUN ] Undirected Graph
[PASS] Undirected Graph


=====================================
All tests passed!
=====================================
<end of output>
Test time =   0.01 sec
----------------------------------------------------------
Test Passed.
"KahnTopologicalSort" end time: Jul 10 06:38 UTC
"KahnTopologicalSort" time elapsed: 00:00:00
----------------------------------------------------------

8/16 Testing: ShortestPath
8/16 Test: ShortestPath
Command: "/workspaces/algokit-graph/build-asan/test_shortest_path"
Directory: /workspaces/algokit-graph/build-asan
"ShortestPath" start time: Jul 10 06:38 UTC
Output:
----------------------------------------------------------
=====================================
AlgoKit Shortest Path Tests
=====================================

[RUN ] Simple Graph
[PASS] Simple Graph

[RUN ] Disconnected Graph
[PASS] Disconnected Graph

[RUN ] Single Vertex
[PASS] Single Vertex

[RUN ] Invalid Source
[PASS] Invalid Source


=====================================
All tests passed!
=====================================
<end of output>
Test time =   0.02 sec
----------------------------------------------------------
Test Passed.
"ShortestPath" end time: Jul 10 06:38 UTC
"ShortestPath" time elapsed: 00:00:00
----------------------------------------------------------

9/16 Testing: Dijkstra
9/16 Test: Dijkstra
Command: "/workspaces/algokit-graph/build-asan/test_dijkstra"
Directory: /workspaces/algokit-graph/build-asan
"Dijkstra" start time: Jul 10 06:38 UTC
Output:
----------------------------------------------------------
=====================================
AlgoKit Dijkstra Tests
=====================================

[RUN ] Simple Weighted Graph
[PASS] Simple Weighted Graph

[RUN ] Multiple Paths
[PASS] Multiple Paths

[RUN ] Disconnected Graph
[PASS] Disconnected Graph

[RUN ] Zero Weight Edges
[PASS] Zero Weight Edges

[RUN ] Single Vertex
[PASS] Single Vertex

[RUN ] Invalid Source
[PASS] Invalid Source


=====================================
All tests passed!
=====================================
<end of output>
Test time =   0.01 sec
----------------------------------------------------------
Test Passed.
"Dijkstra" end time: Jul 10 06:38 UTC
"Dijkstra" time elapsed: 00:00:00
----------------------------------------------------------

10/16 Testing: BellmanFord
10/16 Test: BellmanFord
Command: "/workspaces/algokit-graph/build-asan/test_bellman_ford"
Directory: /workspaces/algokit-graph/build-asan
"BellmanFord" start time: Jul 10 06:38 UTC
Output:
----------------------------------------------------------
=====================================
AlgoKit Bellman-Ford Tests
=====================================

[RUN ] Simple Graph
[PASS] Simple Graph

[RUN ] Negative Edges
[PASS] Negative Edges

[RUN ] Disconnected Graph
[PASS] Disconnected Graph

[RUN ] Invalid Source
[PASS] Invalid Source

[RUN ] Reachable Negative Cycle
[PASS] Reachable Negative Cycle

[RUN ] Unreachable Negative Cycle
[PASS] Unreachable Negative Cycle


=====================================
All tests passed!
=====================================
<end of output>
Test time =   0.02 sec
----------------------------------------------------------
Test Passed.
"BellmanFord" end time: Jul 10 06:38 UTC
"BellmanFord" time elapsed: 00:00:00
----------------------------------------------------------

11/16 Testing: FloydWarshall
11/16 Test: FloydWarshall
Command: "/workspaces/algokit-graph/build-asan/test_floyd_warshall"
Directory: /workspaces/algokit-graph/build-asan
"FloydWarshall" start time: Jul 10 06:38 UTC
Output:
----------------------------------------------------------
=====================================
AlgoKit Floyd-Warshall Tests
=====================================

[RUN ] Simple Graph
[PASS] Simple Graph

[RUN ] Negative Edges
[PASS] Negative Edges

[RUN ] Disconnected Graph
[PASS] Disconnected Graph

[RUN ] Undirected Graph
[PASS] Undirected Graph

[RUN ] Single Vertex
[PASS] Single Vertex

[RUN ] Negative Cycle
[PASS] Negative Cycle


=====================================
All tests passed!
=====================================
<end of output>
Test time =   0.02 sec
----------------------------------------------------------
Test Passed.
"FloydWarshall" end time: Jul 10 06:38 UTC
"FloydWarshall" time elapsed: 00:00:00
----------------------------------------------------------

12/16 Testing: DisjointSet
12/16 Test: DisjointSet
Command: "/workspaces/algokit-graph/build-asan/test_disjoint_set"
Directory: /workspaces/algokit-graph/build-asan
"DisjointSet" start time: Jul 10 06:38 UTC
Output:
----------------------------------------------------------
=====================================
AlgoKit Disjoint Set Tests
=====================================

[RUN ] Constructor
[PASS] Constructor

[RUN ] Union
[PASS] Union

[RUN ] Duplicate Union
[PASS] Duplicate Union

[RUN ] Multiple Components
[PASS] Multiple Components

[RUN ] Find
[PASS] Find

[RUN ] Invalid Vertex
[PASS] Invalid Vertex


=====================================
All tests passed!
=====================================
<end of output>
Test time =   0.01 sec
----------------------------------------------------------
Test Passed.
"DisjointSet" end time: Jul 10 06:38 UTC
"DisjointSet" time elapsed: 00:00:00
----------------------------------------------------------

13/16 Testing: Kruskal
13/16 Test: Kruskal
Command: "/workspaces/algokit-graph/build-asan/test_kruskal"
Directory: /workspaces/algokit-graph/build-asan
"Kruskal" start time: Jul 10 06:38 UTC
Output:
----------------------------------------------------------
=====================================
AlgoKit Kruskal Tests
=====================================

[RUN ] Simple Graph
[PASS] Simple Graph

[RUN ] Disconnected Graph
[PASS] Disconnected Graph

[RUN ] Single Vertex
[PASS] Single Vertex

[RUN ] Empty Graph
[PASS] Empty Graph

[RUN ] Directed Graph
[PASS] Directed Graph

[RUN ] Duplicate Edges
[PASS] Duplicate Edges


=====================================
All tests passed!
=====================================
<end of output>
Test time =   0.02 sec
----------------------------------------------------------
Test Passed.
"Kruskal" end time: Jul 10 06:38 UTC
"Kruskal" time elapsed: 00:00:00
----------------------------------------------------------

14/16 Testing: Prim
14/16 Test: Prim
Command: "/workspaces/algokit-graph/build-asan/test_prim"
Directory: /workspaces/algokit-graph/build-asan
"Prim" start time: Jul 10 06:38 UTC
Output:
----------------------------------------------------------
=====================================
AlgoKit Prim Tests
=====================================

[RUN ] Simple Graph
[PASS] Simple Graph

[RUN ] Larger Graph
[PASS] Larger Graph

[RUN ] Disconnected Graph
[PASS] Disconnected Graph

[RUN ] Single Vertex
[PASS] Single Vertex

[RUN ] Empty Graph
[PASS] Empty Graph

[RUN ] Directed Graph
[PASS] Directed Graph


=====================================
All tests passed!
=====================================
<end of output>
Test time =   0.02 sec
----------------------------------------------------------
Test Passed.
"Prim" end time: Jul 10 06:38 UTC
"Prim" time elapsed: 00:00:00
----------------------------------------------------------

15/16 Testing: StronglyConnectedComponents
15/16 Test: StronglyConnectedComponents
Command: "/workspaces/algokit-graph/build-asan/test_strongly_connected_components"
Directory: /workspaces/algokit-graph/build-asan
"StronglyConnectedComponents" start time: Jul 10 06:38 UTC
Output:
----------------------------------------------------------
=====================================
AlgoKit SCC Tests
=====================================

[RUN ] Multiple SCCs
[PASS] Multiple SCCs

[RUN ] Single SCC
[PASS] Single SCC

[RUN ] DAG
[PASS] DAG

[RUN ] Empty Graph
[PASS] Empty Graph

[RUN ] Single Vertex
[PASS] Single Vertex

[RUN ] Undirected Graph
[PASS] Undirected Graph


=====================================
All tests passed!
=====================================
<end of output>
Test time =   0.02 sec
----------------------------------------------------------
Test Passed.
"StronglyConnectedComponents" end time: Jul 10 06:38 UTC
"StronglyConnectedComponents" time elapsed: 00:00:00
----------------------------------------------------------

16/16 Testing: Graph
16/16 Test: Graph
Command: "/workspaces/algokit-graph/build-asan/test_graph"
Directory: /workspaces/algokit-graph/build-asan
"Graph" start time: Jul 10 06:38 UTC
Output:
----------------------------------------------------------
=====================================
AlgoKit Graph Tests
=====================================

[RUN ] Graph Creation
[PASS] Graph Creation

[RUN ] Add Edge
[PASS] Add Edge

[RUN ] Weighted Edge
[PASS] Weighted Edge

[RUN ] Bulk Add Edges
[PASS] Bulk Add Edges

[RUN ] Invalid Vertex
[PASS] Invalid Vertex

[RUN ] Transpose
[PASS] Transpose

[RUN ] Invalid Transpose
[PASS] Invalid Transpose

[RUN ] Adjacency Matrix
[PASS] Adjacency Matrix


=====================================
All tests passed!
=====================================
<end of output>
Test time =   0.02 sec
----------------------------------------------------------
Test Passed.
"Graph" end time: Jul 10 06:38 UTC
"Graph" time elapsed: 00:00:00
----------------------------------------------------------

End testing: Jul 10 06:38 UTC
